[INFO] Scanning for projects...
[INFO]                                                                         
[INFO] ------------------------------------------------------------------------
[INFO] Building itests 1.0-SNAPSHOT
[INFO] ------------------------------------------------------------------------
[WARNING] The POM for org.ops4j.pax.url:pax-url-aether:jar:3.4.0 is missing, no dependency information available
[INFO] 
[INFO] --- maven-clean-plugin:2.3:clean (default-clean) @ itests ---
[INFO] Deleting file set: /home/dandrus/dev/organizer/itests/target (included: [**], excluded: [])
[INFO] 
[INFO] --- maven-resources-plugin:2.6:resources (default-resources) @ itests ---
[INFO] Using 'UTF-8' encoding to copy filtered resources.
[INFO] Copying 0 resource
[INFO] 
[INFO] --- maven-compiler-plugin:3.1:compile (default-compile) @ itests ---
[INFO] Nothing to compile - all classes are up to date
[INFO] 
[INFO] --- maven-resources-plugin:2.6:testResources (default-testResources) @ itests ---
[INFO] Using 'UTF-8' encoding to copy filtered resources.
[INFO] skip non existing resourceDirectory /home/dandrus/dev/organizer/itests/src/test/resources
[INFO] 
[INFO] --- maven-compiler-plugin:3.1:testCompile (default-testCompile) @ itests ---
[INFO] Changes detected - recompiling the module!
[INFO] Compiling 1 source file to /home/dandrus/dev/organizer/itests/target/test-classes
[WARNING] /home/dandrus/dev/organizer/itests/src/test/java/com/da/organizer/recipes/itest/RecipesITest.java:[36,30] junit.framework.Assert in junit.framework has been deprecated
[WARNING] /home/dandrus/dev/organizer/itests/src/test/java/com/da/organizer/recipes/itest/RecipesITest.java:[36,30] junit.framework.Assert in junit.framework has been deprecated
[WARNING] /home/dandrus/dev/organizer/itests/src/test/java/com/da/organizer/recipes/itest/RecipesITest.java:[36,30] junit.framework.Assert in junit.framework has been deprecated
[INFO] 
[INFO] --- maven-dependency-plugin:2.8:unpack (unpack-dependencies) @ itests ---
[INFO] Configured Artifact: com.da.organizer.recipes:recipes-common:tests:1.0-SNAPSHOT:jar
[INFO] Unpacking /home/dandrus/.m2/repository/com/da/organizer/recipes/recipes-common/1.0-SNAPSHOT/recipes-common-1.0-SNAPSHOT-tests.jar to /home/dandrus/dev/organizer/itests/target/test-classes with includes "**/*.class" and excludes "**/*.properties"
[INFO] 
[INFO] --- maven-surefire-plugin:2.13:test (default-test) @ itests ---
[INFO] Surefire report directory: /home/dandrus/dev/organizer/itests/target/surefire-reports

-------------------------------------------------------
 T E S T S
-------------------------------------------------------
Running com.da.organizer.recipes.itest.RecipesITest
Tests run: 1, Failures: 0, Errors: 1, Skipped: 0, Time elapsed: 0.427 sec <<< FAILURE!
initializationError(com.da.organizer.recipes.itest.RecipesITest)  Time elapsed: 0.011 sec  <<< ERROR!
java.lang.reflect.InvocationTargetException: null
	at org.ops4j.pax.exam.MavenUtils.getFileFromClasspath(MavenUtils.java:117)
	at org.ops4j.pax.exam.MavenUtils.getArtifactVersion(MavenUtils.java:61)
	at org.ops4j.pax.exam.MavenUtils$1.getVersion(MavenUtils.java:89)
	at org.ops4j.pax.exam.options.MavenArtifactUrlReference.version(MavenArtifactUrlReference.java:86)
	at org.ops4j.pax.exam.options.MavenArtifactUrlReference.versionAsInProject(MavenArtifactUrlReference.java:90)
	at org.ops4j.pax.exam.options.MavenArtifactUrlReference.versionAsInProject(MavenArtifactUrlReference.java:31)
	at com.da.organizer.recipes.itest.RecipesITest.config(RecipesITest.java:56)

Running com.da.organizer.recipes.common.IngredientTest
[hsqldb.db.HSQLDB467D6AFFBD.ENGINE] : checkpointClose start
[hsqldb.db.HSQLDB467D6AFFBD.ENGINE] : checkpointClose end
[com.da.organizer.recipes.common.IngredientTest] : saveIngredient - start
[com.da.organizer.recipes.common.IngredientTest] : saveIngredient -PRE PERSIST = 
Ingredient 
ID: null; Version: null
Name: Peanut Butter
Notes: Creamy
[com.da.organizer.recipes.common.IngredientTest] : saveIngredient - POST PERSIST = 
Ingredient 
ID: 2801; Version: 1
Name: Peanut Butter
Notes: Creamy
[com.da.organizer.recipes.common.IngredientTest] : saveIngredient - POST FOUND = 
Ingredient 
ID: 2801; Version: 1
Name: Peanut Butter
Notes: Creamy
[com.da.organizer.recipes.common.IngredientTest] : saveIngredient - cleanup
[com.da.organizer.recipes.common.IngredientTest] : saveIngredient - end
[com.da.organizer.recipes.common.IngredientTest] : saveAndRetrieveByName_Ingredient - start
[com.da.organizer.recipes.common.IngredientTest] : saveIngredient -PRE PERSIST = 
Ingredient 
ID: null; Version: null
Name: Peanut Butter
Notes: Creamy
[com.da.organizer.recipes.common.IngredientTest] : saveIngredient - POST PERSIST = 
Ingredient 
ID: 2802; Version: 1
Name: Peanut Butter
Notes: Creamy
[com.da.organizer.recipes.common.IngredientTest] : saveIngredient - POST FOUND By ID = 
Ingredient 
ID: 2802; Version: 1
Name: Peanut Butter
Notes: Creamy
[com.da.organizer.recipes.common.IngredientTest] : FOUND: 
Ingredient 
ID: 2802; Version: 1
Name: Peanut Butter
Notes: Creamy
[com.da.organizer.recipes.common.IngredientTest] : saveAndRetrieveByName_Ingredient - end
[com.da.organizer.recipes.common.IngredientTest] : saveAndRetrieveAll_Ingredient - start
[com.da.organizer.recipes.common.IngredientTest] : saveIngredient -PRE PERSIST = 
Ingredient 
ID: null; Version: null
Name: Peanut Butter
Notes: Creamy
[com.da.organizer.recipes.common.IngredientTest] : saveIngredient - POST PERSIST = 
Ingredient 
ID: 2803; Version: 1
Name: Peanut Butter
Notes: Creamy
[com.da.organizer.recipes.common.IngredientTest] : saveIngredient - POST FOUND = 
Ingredient 
ID: 2803; Version: 1
Name: Peanut Butter
Notes: Creamy
[com.da.organizer.recipes.common.IngredientTest] : Found All: [
Ingredient 
ID: 2803; Version: 1
Name: Peanut Butter
Notes: Creamy]
[com.da.organizer.recipes.common.IngredientTest] : saveAndRetrieveAll_Ingredient - end
Tests run: 4, Failures: 0, Errors: 0, Skipped: 0, Time elapsed: 6.497 sec
Running com.da.organizer.recipes.common.RecipeParserTest
[com.da.organizer.recipes.common.parse.RecipeParser] : Parsing '12 eggs, boiled'
[com.da.organizer.recipes.common.parse.RecipeParser] : no unit size for eggs
[com.da.organizer.recipes.common.parse.RecipeParser] : No unit for eggs
[com.da.organizer.recipes.common.parse.RecipeParser] : 
Original String : '12 eggs, boiled'
Parsed Ingredient: 
amount: '12' 
unit: 'whole'  
pre prep: 'boiled' 
[com.da.organizer.recipes.common.parse.RecipeParser] : Parsing 'salt, to taste'
[com.da.organizer.recipes.common.parse.RecipeParser] : no unit size for salt
[com.da.organizer.recipes.common.parse.RecipeParser] : No unit for salt
[com.da.organizer.recipes.common.parse.RecipeParser] : 
Original String : 'salt, to taste'
Parsed Ingredient:  
pre prep: 'to taste' 
[com.da.organizer.recipes.common.parse.RecipeParser] : Parsing '1/2 c 1% lowfat milk'
[com.da.organizer.recipes.common.parse.RecipeParser] : no unit size for c
[com.da.organizer.recipes.common.parse.RecipeParser] : no unit size for 1%
[com.da.organizer.recipes.common.parse.RecipeParser] : No unit for 1%
[com.da.organizer.recipes.common.parse.RecipeParser] : no unit size for lowfat
[com.da.organizer.recipes.common.parse.RecipeParser] : No unit for lowfat
[com.da.organizer.recipes.common.parse.RecipeParser] : no unit size for milk
[com.da.organizer.recipes.common.parse.RecipeParser] : No unit for milk
[com.da.organizer.recipes.common.parse.RecipeParser] : 
Original String : '1/2 c 1% lowfat milk'
Parsed Ingredient: 
amount: '1/2' 
unit: 'cup'  
[com.da.organizer.recipes.common.parse.RecipeParser] : Parsing '1 large onion, chopped coarsely'
[com.da.organizer.recipes.common.parse.RecipeParser] : No unit for large
[com.da.organizer.recipes.common.parse.RecipeParser] : no unit size for onion
[com.da.organizer.recipes.common.parse.RecipeParser] : No unit for onion
[com.da.organizer.recipes.common.parse.RecipeParser] : 
Original String : '1 large onion, chopped coarsely'
Parsed Ingredient: 
amount: '1' 
unit: 'whole' 
unit size: 'large'  
pre prep: 'chopped coarsely' 
[com.da.organizer.recipes.common.parse.RecipeParser] : Parsing '1 small bunch arugula'
[com.da.organizer.recipes.common.parse.RecipeParser] : No unit for small
[com.da.organizer.recipes.common.parse.RecipeParser] : no unit size for bunch
[com.da.organizer.recipes.common.parse.RecipeParser] : no unit size for arugula
[com.da.organizer.recipes.common.parse.RecipeParser] : No unit for arugula
[com.da.organizer.recipes.common.parse.RecipeParser] : 
Original String : '1 small bunch arugula'
Parsed Ingredient: 
amount: '1' 
unit: 'bunch' 
unit size: 'small'  
[com.da.organizer.recipes.common.parse.RecipeParser] : Parsing '2 T crunchy peanut butter, divided'
[com.da.organizer.recipes.common.parse.RecipeParser] : no unit size for T
[com.da.organizer.recipes.common.parse.RecipeParser] : no unit size for crunchy
[com.da.organizer.recipes.common.parse.RecipeParser] : No unit for crunchy
[com.da.organizer.recipes.common.parse.RecipeParser] : no unit size for peanut
[com.da.organizer.recipes.common.parse.RecipeParser] : No unit for peanut
[com.da.organizer.recipes.common.parse.RecipeParser] : no unit size for butter
[com.da.organizer.recipes.common.parse.RecipeParser] : No unit for butter
[com.da.organizer.recipes.common.parse.RecipeParser] : 
Original String : '2 T crunchy peanut butter, divided'
Parsed Ingredient: 
amount: '2' 
unit: 'tablespoon'  
pre prep: 'divided' 
[com.da.organizer.recipes.common.parse.RecipeParser] : Parsing '2 8-oz pkg cream cheese, softened'
[com.da.organizer.recipes.common.parse.RecipeParser] : no unit size for pkg
[com.da.organizer.recipes.common.parse.RecipeParser] : no unit size for cream
[com.da.organizer.recipes.common.parse.RecipeParser] : No unit for cream
[com.da.organizer.recipes.common.parse.RecipeParser] : no unit size for cheese
[com.da.organizer.recipes.common.parse.RecipeParser] : No unit for cheese
[com.da.organizer.recipes.common.parse.RecipeParser] : 
Original String : '2 8-oz pkg cream cheese, softened'
Parsed Ingredient: 
amount: '2' 
unit: 'pkg' 
package size: '8.0' 
package unit: 'ounce'  
pre prep: 'softened' 
[com.da.organizer.recipes.common.parse.RecipeParser] : Parsing 'pepper'
[com.da.organizer.recipes.common.parse.RecipeParser] : no unit size for pepper
[com.da.organizer.recipes.common.parse.RecipeParser] : No unit for pepper
[com.da.organizer.recipes.common.parse.RecipeParser] : 
Original String : 'pepper'
Parsed Ingredient:  
[com.da.organizer.recipes.common.parse.RecipeParser] : Parsing '3 c low-sodium chicken broth'
[com.da.organizer.recipes.common.parse.RecipeParser] : no unit size for c
[com.da.organizer.recipes.common.parse.RecipeParser] : this is not a package size: low-sodium
[com.da.organizer.recipes.common.parse.RecipeParser] : no unit size for chicken
[com.da.organizer.recipes.common.parse.RecipeParser] : No unit for chicken
[com.da.organizer.recipes.common.parse.RecipeParser] : no unit size for broth
[com.da.organizer.recipes.common.parse.RecipeParser] : No unit for broth
[com.da.organizer.recipes.common.parse.RecipeParser] : 
Original String : '3 c low-sodium chicken broth'
Parsed Ingredient: 
amount: '3' 
unit: 'cup'  
[com.da.organizer.recipes.common.parse.RecipeParser] : Parsing '1 28.6-oz can tomatoes, drained'
[com.da.organizer.recipes.common.parse.RecipeParser] : no unit size for can
[com.da.organizer.recipes.common.parse.RecipeParser] : no unit size for tomatoes
[com.da.organizer.recipes.common.parse.RecipeParser] : No unit for tomatoes
[com.da.organizer.recipes.common.parse.RecipeParser] : 
Original String : '1 28.6-oz can tomatoes, drained'
Parsed Ingredient: 
amount: '1' 
unit: 'can' 
package size: '28.6' 
package unit: 'ounce'  
pre prep: 'drained' 
[com.da.organizer.recipes.common.parse.RecipeParser] : Parsing '2 1/2 c flour'
[com.da.organizer.recipes.common.parse.RecipeParser] : no unit size for c
[com.da.organizer.recipes.common.parse.RecipeParser] : no unit size for flour
[com.da.organizer.recipes.common.parse.RecipeParser] : No unit for flour
[com.da.organizer.recipes.common.parse.RecipeParser] : 
Original String : '2 1/2 c flour'
Parsed Ingredient: 
amount: '2 1/2' 
unit: 'cup'  
[com.da.organizer.recipes.common.parse.RecipeParser] : Parsing '4 8-inch whole-wheat pitas, toasted'
[com.da.organizer.recipes.common.parse.RecipeParser] : this is not a package size: whole-wheat
[com.da.organizer.recipes.common.parse.RecipeParser] : no unit size for pitas
[com.da.organizer.recipes.common.parse.RecipeParser] : No unit for pitas
[com.da.organizer.recipes.common.parse.RecipeParser] : 
Original String : '4 8-inch whole-wheat pitas, toasted'
Parsed Ingredient: 
amount: '4' 
unit: 'whole' 
package size: '8.0' 
package unit: 'inch'  
pre prep: 'toasted' 
[com.da.organizer.recipes.common.parse.RecipeParser] : Parsing '1 large onion, chopped coarsely'
[com.da.organizer.recipes.common.parse.RecipeParser] : No unit for large
[com.da.organizer.recipes.common.parse.RecipeParser] : no unit size for onion
[com.da.organizer.recipes.common.parse.RecipeParser] : No unit for onion
[com.da.organizer.recipes.common.parse.RecipeParser] : 
Original String : '1 large onion, chopped coarsely'
Parsed Ingredient: 
amount: '1' 
unit: 'whole' 
unit size: 'large'  
pre prep: 'chopped coarsely' 
[com.da.organizer.recipes.common.parse.RecipeParser] : Parsing '5 small tart apples, peeled, cored & chopped'
[com.da.organizer.recipes.common.parse.RecipeParser] : No unit for small
[com.da.organizer.recipes.common.parse.RecipeParser] : no unit size for tart
[com.da.organizer.recipes.common.parse.RecipeParser] : No unit for tart
[com.da.organizer.recipes.common.parse.RecipeParser] : no unit size for apples
[com.da.organizer.recipes.common.parse.RecipeParser] : No unit for apples
[com.da.organizer.recipes.common.parse.RecipeParser] : 
Original String : '5 small tart apples, peeled, cored & chopped'
Parsed Ingredient: 
amount: '5' 
unit: 'whole' 
unit size: 'small'  
pre prep: 'peeled, cored & chopped' 
[com.da.organizer.recipes.common.parse.RecipeParser] : Parsing '12 boneless skinless chicken thighs, (about 2 1/2 pounds total)'
[com.da.organizer.recipes.common.parse.RecipeParser] : no unit size for boneless
[com.da.organizer.recipes.common.parse.RecipeParser] : No unit for boneless
[com.da.organizer.recipes.common.parse.RecipeParser] : no unit size for skinless
[com.da.organizer.recipes.common.parse.RecipeParser] : No unit for skinless
[com.da.organizer.recipes.common.parse.RecipeParser] : no unit size for chicken
[com.da.organizer.recipes.common.parse.RecipeParser] : No unit for chicken
[com.da.organizer.recipes.common.parse.RecipeParser] : no unit size for thighs
[com.da.organizer.recipes.common.parse.RecipeParser] : No unit for thighs
[com.da.organizer.recipes.common.parse.RecipeParser] : 
Original String : '12 boneless skinless chicken thighs, (about 2 1/2 pounds total)'
Parsed Ingredient: 
amount: '12' 
unit: 'whole'  
pre prep: '(about 2 1/2 pounds total)' 
[com.da.organizer.recipes.common.parse.RecipeParser] : Parsing '1/4 c. peanut butter'
[com.da.organizer.recipes.common.parse.RecipeParser] : no unit size for c.
[com.da.organizer.recipes.common.parse.RecipeParser] : no unit size for peanut
[com.da.organizer.recipes.common.parse.RecipeParser] : No unit for peanut
[com.da.organizer.recipes.common.parse.RecipeParser] : no unit size for butter
[com.da.organizer.recipes.common.parse.RecipeParser] : No unit for butter
[com.da.organizer.recipes.common.parse.RecipeParser] : 
Original String : '1/4 c. peanut butter'
Parsed Ingredient: 
amount: '1/4' 
unit: 'cup'  
[com.da.organizer.recipes.common.parse.RecipeParser] : Parsing '1/4 c. jelly'
[com.da.organizer.recipes.common.parse.RecipeParser] : no unit size for c.
[com.da.organizer.recipes.common.parse.RecipeParser] : no unit size for jelly
[com.da.organizer.recipes.common.parse.RecipeParser] : No unit for jelly
[com.da.organizer.recipes.common.parse.RecipeParser] : 
Original String : '1/4 c. jelly'
Parsed Ingredient: 
amount: '1/4' 
unit: 'cup'  
[com.da.organizer.recipes.common.parse.RecipeParser] : Parsing '2 slices bread'
[com.da.organizer.recipes.common.parse.RecipeParser] : no unit size for slices
[com.da.organizer.recipes.common.parse.RecipeParser] : no unit size for bread
[com.da.organizer.recipes.common.parse.RecipeParser] : No unit for bread
[com.da.organizer.recipes.common.parse.RecipeParser] : 
Original String : '2 slices bread'
Parsed Ingredient: 
amount: '2' 
unit: 'slice'  
[com.da.organizer.recipes.common.parse.RecipeParser] : Parsing '1/4 c fresh flat-leaf parsley, finely chopped'
[com.da.organizer.recipes.common.parse.RecipeParser] : no unit size for c
[com.da.organizer.recipes.common.parse.RecipeParser] : no unit size for fresh
[com.da.organizer.recipes.common.parse.RecipeParser] : No unit for fresh
[com.da.organizer.recipes.common.parse.RecipeParser] : this is not a package size: flat-leaf
[com.da.organizer.recipes.common.parse.RecipeParser] : no unit size for parsley
[com.da.organizer.recipes.common.parse.RecipeParser] : No unit for parsley
[com.da.organizer.recipes.common.parse.RecipeParser] : 
Original String : '1/4 c fresh flat-leaf parsley, finely chopped'
Parsed Ingredient: 
amount: '1/4' 
unit: 'cup'  
pre prep: 'finely chopped' 
Tests run: 18, Failures: 0, Errors: 0, Skipped: 1, Time elapsed: 0.087 sec
Running com.da.organizer.recipes.common.PersistableFractionTest
Tests run: 6, Failures: 0, Errors: 0, Skipped: 0, Time elapsed: 0.013 sec
Running com.da.organizer.recipes.common.RecipeTest
[com.da.organizer.recipes.common.RecipeTest] : saveRecipe - PRE-PERSIST: 
Recipe: 
ID: null; Version: null
PBJ Sandwich submitted by Anonymous
Origination: childhood
Description: childhood yum
Serves: 1
 * 
amount: '2' 
unit: 'tablespoon'  
pre prep: ' ' 
 * 
amount: '2' 
unit: 'tablespoon'  
pre prep: ' ' 
 * 
amount: '2' 
unit: 'slice'  
pre prep: ' ' 
1) Slather peanut butter on one slice of bread
2) Slather jam on the other slice of bread
3) Slap two pieces of bread together
4) cut along the diagnol to serve
[com.da.organizer.recipes.common.RecipeTest] : Orig ID: 1881523291
[com.da.organizer.recipes.common.RecipeTest] : Found ID: 96546204
[com.da.organizer.recipes.common.RecipeTest] : saveRecipe - RETRIEVED: 
Recipe: 
ID: 2851; Version: 1
PBJ Sandwich submitted by Anonymous
Origination: childhood
Description: childhood yum
Serves: 1
 * 
amount: '2' 
unit: 'tablespoon'  
pre prep: ' ' 
 * 
amount: '2' 
unit: 'tablespoon'  
pre prep: ' ' 
 * 
amount: '2' 
unit: 'slice'  
pre prep: ' ' 
1) Slather peanut butter on one slice of bread
2) Slather jam on the other slice of bread
3) Slap two pieces of bread together
4) cut along the diagnol to serve
Tests run: 2, Failures: 0, Errors: 0, Skipped: 0, Time elapsed: 2.218 sec
Running com.da.organizer.recipes.common.IngredientUnitTest
getUnit
getUnit
getUnit
getUnit
getUnit
Tests run: 5, Failures: 0, Errors: 0, Skipped: 0, Time elapsed: 0.015 sec

Results :

Tests in error: 
   Â» InvocationTarget

Tests run: 36, Failures: 0, Errors: 1, Skipped: 1

[INFO] ------------------------------------------------------------------------
[INFO] BUILD FAILURE
[INFO] ------------------------------------------------------------------------
[INFO] Total time: 17.954s
[INFO] Finished at: Sun Jun 22 18:34:08 EDT 2014
[INFO] Final Memory: 28M/346M
[INFO] ------------------------------------------------------------------------
[ERROR] Failed to execute goal org.apache.maven.plugins:maven-surefire-plugin:2.13:test (default-test) on project itests: There are test failures.
[ERROR] 
[ERROR] Please refer to /home/dandrus/dev/organizer/itests/target/surefire-reports for the individual test results.
[ERROR] -> [Help 1]
[ERROR] 
[ERROR] To see the full stack trace of the errors, re-run Maven with the -e switch.
[ERROR] Re-run Maven using the -X switch to enable full debug logging.
[ERROR] 
[ERROR] For more information about the errors and possible solutions, please read the following articles:
[ERROR] [Help 1] http://cwiki.apache.org/confluence/display/MAVEN/MojoFailureException
